DEBUG:passlib.registry:registered 'bcrypt' handler: <class 'passlib.handlers.bcrypt.bcrypt'>
INFO:uvicorn.error:Started server process [10028]
INFO:uvicorn.error:Waiting for application startup.
INFO:uvicorn.error:Application startup complete.
DEBUG:root:watching
DEBUG:root:ok
DEBUG:passlib.handlers.bcrypt:detected 'bcrypt' backend, version '3.2.0'
DEBUG:passlib.handlers.bcrypt:'bcrypt' backend lacks $2$ support, enabling workaround
DEBUG:root:ok
DEBUG:passlib.registry:registered 'bcrypt' handler: <class 'passlib.handlers.bcrypt.bcrypt'>
INFO:uvicorn.error:Started server process [3268]
INFO:uvicorn.error:Waiting for application startup.
INFO:uvicorn.error:Application startup complete.
DEBUG:passlib.registry:registered 'bcrypt' handler: <class 'passlib.handlers.bcrypt.bcrypt'>
INFO:uvicorn.error:Started server process [11252]
INFO:uvicorn.error:Waiting for application startup.
INFO:uvicorn.error:Application startup complete.
DEBUG:passlib.registry:registered 'bcrypt' handler: <class 'passlib.handlers.bcrypt.bcrypt'>
INFO:uvicorn.error:Started server process [3412]
INFO:uvicorn.error:Waiting for application startup.
INFO:uvicorn.error:Application startup complete.
INFO:uvicorn.error:Shutting down
DEBUG:passlib.registry:registered 'bcrypt' handler: <class 'passlib.handlers.bcrypt.bcrypt'>
INFO:uvicorn.error:Started server process [6752]
INFO:uvicorn.error:Waiting for application startup.
INFO:uvicorn.error:Application startup complete.
DEBUG:passlib.registry:registered 'bcrypt' handler: <class 'passlib.handlers.bcrypt.bcrypt'>
INFO:uvicorn.error:Started server process [104]
INFO:uvicorn.error:Waiting for application startup.
INFO:uvicorn.error:Application startup complete.
INFO:root:user_name='santosh' password='santosh@123'
DEBUG:passlib.handlers.bcrypt:detected 'bcrypt' backend, version '3.2.0'
DEBUG:passlib.handlers.bcrypt:'bcrypt' backend lacks $2$ support, enabling workaround
DEBUG:passlib.registry:registered 'bcrypt' handler: <class 'passlib.handlers.bcrypt.bcrypt'>
INFO:uvicorn.error:Started server process [11920]
INFO:uvicorn.error:Waiting for application startup.
INFO:uvicorn.error:Application startup complete.
DEBUG:passlib.registry:registered 'bcrypt' handler: <class 'passlib.handlers.bcrypt.bcrypt'>
DEBUG:passlib.registry:registered 'bcrypt' handler: <class 'passlib.handlers.bcrypt.bcrypt'>
DEBUG:passlib.registry:registered 'bcrypt' handler: <class 'passlib.handlers.bcrypt.bcrypt'>
DEBUG:passlib.registry:registered 'bcrypt' handler: <class 'passlib.handlers.bcrypt.bcrypt'>
DEBUG:passlib.registry:registered 'bcrypt' handler: <class 'passlib.handlers.bcrypt.bcrypt'>
INFO:uvicorn.error:Started server process [11840]
INFO:uvicorn.error:Waiting for application startup.
INFO:uvicorn.error:Application startup complete.
INFO:root:user_name='santosh' password='santosh@123'
DEBUG:passlib.handlers.bcrypt:detected 'bcrypt' backend, version '3.2.0'
DEBUG:passlib.handlers.bcrypt:'bcrypt' backend lacks $2$ support, enabling workaround
DEBUG:passlib.registry:registered 'bcrypt' handler: <class 'passlib.handlers.bcrypt.bcrypt'>
INFO:uvicorn.error:Started server process [11232]
INFO:uvicorn.error:Waiting for application startup.
INFO:uvicorn.error:Application startup complete.
DEBUG:passlib.registry:registered 'bcrypt' handler: <class 'passlib.handlers.bcrypt.bcrypt'>
INFO:uvicorn.error:Started server process [10968]
INFO:uvicorn.error:Waiting for application startup.
INFO:uvicorn.error:Application startup complete.
DEBUG:root:watching
DEBUG:root:watching
DEBUG:root:watching
DEBUG:root:watching
DEBUG:root:watching
DEBUG:root:user='santosh'
